{"C:\\Users\\mjose\\OneDrive\\Documents\\GitHub\\GeoRules\\app.js": {"path":"C:\\Users\\mjose\\OneDrive\\Documents\\GitHub\\GeoRules\\app.js","statementMap":{"0":{"start":{"line":7,"column":12},"end":{"line":7,"column":21}},"1":{"start":{"line":9,"column":0},"end":{"line":9,"column":34}},"2":{"start":{"line":10,"column":0},"end":{"line":10,"column":24}},"3":{"start":{"line":15,"column":21},"end":{"line":15,"column":46}},"4":{"start":{"line":16,"column":2},"end":{"line":16,"column":77}},"5":{"start":{"line":16,"column":19},"end":{"line":16,"column":77}},"6":{"start":{"line":18,"column":16},"end":{"line":18,"column":40}},"7":{"start":{"line":19,"column":2},"end":{"line":26,"column":3}},"8":{"start":{"line":20,"column":20},"end":{"line":20,"column":61}},"9":{"start":{"line":21,"column":4},"end":{"line":21,"column":23}},"10":{"start":{"line":22,"column":4},"end":{"line":22,"column":11}},"11":{"start":{"line":24,"column":4},"end":{"line":24,"column":23}},"12":{"start":{"line":25,"column":4},"end":{"line":25,"column":61}},"13":{"start":{"line":30,"column":0},"end":{"line":38,"column":3}},"14":{"start":{"line":31,"column":2},"end":{"line":31,"column":33}},"15":{"start":{"line":32,"column":2},"end":{"line":37,"column":5}},"16":{"start":{"line":42,"column":0},"end":{"line":63,"column":3}},"17":{"start":{"line":43,"column":2},"end":{"line":62,"column":3}},"18":{"start":{"line":44,"column":20},"end":{"line":44,"column":61}},"19":{"start":{"line":46,"column":22},"end":{"line":56,"column":7}},"20":{"start":{"line":46,"column":49},"end":{"line":56,"column":5}},"21":{"start":{"line":58,"column":4},"end":{"line":58,"column":24}},"22":{"start":{"line":60,"column":4},"end":{"line":60,"column":23}},"23":{"start":{"line":61,"column":4},"end":{"line":61,"column":54}},"24":{"start":{"line":66,"column":0},"end":{"line":116,"column":3}},"25":{"start":{"line":67,"column":52},"end":{"line":67,"column":60}},"26":{"start":{"line":69,"column":2},"end":{"line":71,"column":3}},"27":{"start":{"line":70,"column":4},"end":{"line":70,"column":80}},"28":{"start":{"line":73,"column":2},"end":{"line":115,"column":3}},"29":{"start":{"line":75,"column":19},"end":{"line":75,"column":86}},"30":{"start":{"line":76,"column":4},"end":{"line":76,"column":91}},"31":{"start":{"line":76,"column":28},"end":{"line":76,"column":91}},"32":{"start":{"line":78,"column":17},"end":{"line":78,"column":50}},"33":{"start":{"line":81,"column":14},"end":{"line":81,"column":20}},"34":{"start":{"line":82,"column":4},"end":{"line":84,"column":5}},"35":{"start":{"line":83,"column":6},"end":{"line":83,"column":20}},"36":{"start":{"line":86,"column":19},"end":{"line":89,"column":5}},"37":{"start":{"line":91,"column":20},"end":{"line":96,"column":5}},"38":{"start":{"line":98,"column":19},"end":{"line":98,"column":41}},"39":{"start":{"line":100,"column":18},"end":{"line":109,"column":5}},"40":{"start":{"line":111,"column":4},"end":{"line":111,"column":105}},"41":{"start":{"line":113,"column":4},"end":{"line":113,"column":23}},"42":{"start":{"line":114,"column":4},"end":{"line":114,"column":66}},"43":{"start":{"line":120,"column":0},"end":{"line":172,"column":3}},"44":{"start":{"line":121,"column":33},"end":{"line":121,"column":41}},"45":{"start":{"line":123,"column":2},"end":{"line":125,"column":3}},"46":{"start":{"line":124,"column":4},"end":{"line":124,"column":80}},"47":{"start":{"line":127,"column":2},"end":{"line":171,"column":3}},"48":{"start":{"line":128,"column":19},"end":{"line":131,"column":5}},"49":{"start":{"line":133,"column":4},"end":{"line":135,"column":5}},"50":{"start":{"line":134,"column":6},"end":{"line":134,"column":70}},"51":{"start":{"line":137,"column":20},"end":{"line":137,"column":34}},"52":{"start":{"line":139,"column":18},"end":{"line":139,"column":70}},"53":{"start":{"line":141,"column":4},"end":{"line":143,"column":5}},"54":{"start":{"line":142,"column":6},"end":{"line":142,"column":70}},"55":{"start":{"line":145,"column":19},"end":{"line":145,"column":41}},"56":{"start":{"line":147,"column":18},"end":{"line":156,"column":5}},"57":{"start":{"line":158,"column":4},"end":{"line":167,"column":7}},"58":{"start":{"line":169,"column":4},"end":{"line":169,"column":23}},"59":{"start":{"line":170,"column":4},"end":{"line":170,"column":60}},"60":{"start":{"line":175,"column":0},"end":{"line":183,"column":3}},"61":{"start":{"line":176,"column":2},"end":{"line":182,"column":3}},"62":{"start":{"line":177,"column":19},"end":{"line":177,"column":85}},"63":{"start":{"line":178,"column":4},"end":{"line":178,"column":26}},"64":{"start":{"line":180,"column":4},"end":{"line":180,"column":53}},"65":{"start":{"line":181,"column":4},"end":{"line":181,"column":67}},"66":{"start":{"line":186,"column":0},"end":{"line":229,"column":3}},"67":{"start":{"line":197,"column":6},"end":{"line":197,"column":14}},"68":{"start":{"line":199,"column":2},"end":{"line":201,"column":3}},"69":{"start":{"line":200,"column":4},"end":{"line":200,"column":112}},"70":{"start":{"line":203,"column":2},"end":{"line":228,"column":3}},"71":{"start":{"line":204,"column":14},"end":{"line":210,"column":5}},"72":{"start":{"line":211,"column":19},"end":{"line":221,"column":5}},"73":{"start":{"line":223,"column":19},"end":{"line":223,"column":44}},"74":{"start":{"line":224,"column":4},"end":{"line":224,"column":81}},"75":{"start":{"line":226,"column":4},"end":{"line":226,"column":50}},"76":{"start":{"line":227,"column":4},"end":{"line":227,"column":67}},"77":{"start":{"line":233,"column":0},"end":{"line":249,"column":3}},"78":{"start":{"line":234,"column":16},"end":{"line":234,"column":25}},"79":{"start":{"line":235,"column":2},"end":{"line":248,"column":3}},"80":{"start":{"line":236,"column":21},"end":{"line":243,"column":5}},"81":{"start":{"line":244,"column":17},"end":{"line":244,"column":38}},"82":{"start":{"line":245,"column":4},"end":{"line":245,"column":19}},"83":{"start":{"line":247,"column":4},"end":{"line":247,"column":60}},"84":{"start":{"line":252,"column":0},"end":{"line":268,"column":3}},"85":{"start":{"line":253,"column":23},"end":{"line":253,"column":32}},"86":{"start":{"line":254,"column":2},"end":{"line":267,"column":3}},"87":{"start":{"line":255,"column":21},"end":{"line":262,"column":5}},"88":{"start":{"line":263,"column":17},"end":{"line":263,"column":38}},"89":{"start":{"line":264,"column":4},"end":{"line":264,"column":19}},"90":{"start":{"line":266,"column":4},"end":{"line":266,"column":60}},"91":{"start":{"line":271,"column":0},"end":{"line":287,"column":3}},"92":{"start":{"line":272,"column":2},"end":{"line":286,"column":3}},"93":{"start":{"line":273,"column":19},"end":{"line":280,"column":5}},"94":{"start":{"line":282,"column":4},"end":{"line":282,"column":26}},"95":{"start":{"line":284,"column":4},"end":{"line":284,"column":23}},"96":{"start":{"line":285,"column":4},"end":{"line":285,"column":66}},"97":{"start":{"line":290,"column":0},"end":{"line":326,"column":3}},"98":{"start":{"line":291,"column":30},"end":{"line":291,"column":38}},"99":{"start":{"line":292,"column":2},"end":{"line":292,"column":88}},"100":{"start":{"line":292,"column":24},"end":{"line":292,"column":88}},"101":{"start":{"line":294,"column":2},"end":{"line":325,"column":3}},"102":{"start":{"line":296,"column":22},"end":{"line":296,"column":101}},"103":{"start":{"line":297,"column":4},"end":{"line":297,"column":103}},"104":{"start":{"line":297,"column":37},"end":{"line":297,"column":103}},"105":{"start":{"line":299,"column":24},"end":{"line":299,"column":44}},"106":{"start":{"line":302,"column":16},"end":{"line":305,"column":5}},"107":{"start":{"line":307,"column":4},"end":{"line":321,"column":5}},"108":{"start":{"line":309,"column":6},"end":{"line":312,"column":8}},"109":{"start":{"line":313,"column":6},"end":{"line":313,"column":57}},"110":{"start":{"line":316,"column":6},"end":{"line":319,"column":8}},"111":{"start":{"line":320,"column":6},"end":{"line":320,"column":56}},"112":{"start":{"line":323,"column":4},"end":{"line":323,"column":23}},"113":{"start":{"line":324,"column":4},"end":{"line":324,"column":66}},"114":{"start":{"line":330,"column":2},"end":{"line":332,"column":3}},"115":{"start":{"line":331,"column":4},"end":{"line":331,"column":75}},"116":{"start":{"line":333,"column":2},"end":{"line":333,"column":9}},"117":{"start":{"line":337,"column":0},"end":{"line":352,"column":3}},"118":{"start":{"line":338,"column":17},"end":{"line":338,"column":27}},"119":{"start":{"line":340,"column":2},"end":{"line":351,"column":3}},"120":{"start":{"line":341,"column":19},"end":{"line":341,"column":90}},"121":{"start":{"line":343,"column":4},"end":{"line":345,"column":5}},"122":{"start":{"line":344,"column":6},"end":{"line":344,"column":72}},"123":{"start":{"line":347,"column":4},"end":{"line":347,"column":88}},"124":{"start":{"line":349,"column":4},"end":{"line":349,"column":23}},"125":{"start":{"line":350,"column":4},"end":{"line":350,"column":70}}},"fnMap":{"0":{"name":"authMiddleware","decl":{"start":{"line":14,"column":9},"end":{"line":14,"column":23}},"loc":{"start":{"line":14,"column":40},"end":{"line":27,"column":1}},"line":14},"1":{"name":"(anonymous_1)","decl":{"start":{"line":30,"column":35},"end":{"line":30,"column":36}},"loc":{"start":{"line":30,"column":49},"end":{"line":38,"column":1}},"line":30},"2":{"name":"(anonymous_2)","decl":{"start":{"line":42,"column":26},"end":{"line":42,"column":27}},"loc":{"start":{"line":42,"column":46},"end":{"line":63,"column":1}},"line":42},"3":{"name":"(anonymous_3)","decl":{"start":{"line":46,"column":39},"end":{"line":46,"column":40}},"loc":{"start":{"line":46,"column":49},"end":{"line":56,"column":5}},"line":46},"4":{"name":"(anonymous_4)","decl":{"start":{"line":66,"column":24},"end":{"line":66,"column":25}},"loc":{"start":{"line":66,"column":44},"end":{"line":116,"column":1}},"line":66},"5":{"name":"(anonymous_5)","decl":{"start":{"line":120,"column":23},"end":{"line":120,"column":24}},"loc":{"start":{"line":120,"column":43},"end":{"line":172,"column":1}},"line":120},"6":{"name":"(anonymous_6)","decl":{"start":{"line":175,"column":43},"end":{"line":175,"column":44}},"loc":{"start":{"line":175,"column":63},"end":{"line":183,"column":1}},"line":175},"7":{"name":"(anonymous_7)","decl":{"start":{"line":186,"column":45},"end":{"line":186,"column":46}},"loc":{"start":{"line":186,"column":65},"end":{"line":229,"column":1}},"line":186},"8":{"name":"(anonymous_8)","decl":{"start":{"line":233,"column":26},"end":{"line":233,"column":27}},"loc":{"start":{"line":233,"column":46},"end":{"line":249,"column":1}},"line":233},"9":{"name":"(anonymous_9)","decl":{"start":{"line":252,"column":27},"end":{"line":252,"column":28}},"loc":{"start":{"line":252,"column":47},"end":{"line":268,"column":1}},"line":252},"10":{"name":"(anonymous_10)","decl":{"start":{"line":271,"column":42},"end":{"line":271,"column":43}},"loc":{"start":{"line":271,"column":62},"end":{"line":287,"column":1}},"line":271},"11":{"name":"(anonymous_11)","decl":{"start":{"line":290,"column":50},"end":{"line":290,"column":51}},"loc":{"start":{"line":290,"column":70},"end":{"line":326,"column":1}},"line":290},"12":{"name":"adminMiddleware","decl":{"start":{"line":329,"column":9},"end":{"line":329,"column":24}},"loc":{"start":{"line":329,"column":41},"end":{"line":334,"column":1}},"line":329},"13":{"name":"(anonymous_13)","decl":{"start":{"line":337,"column":66},"end":{"line":337,"column":67}},"loc":{"start":{"line":337,"column":86},"end":{"line":352,"column":1}},"line":337}},"branchMap":{"0":{"loc":{"start":{"line":16,"column":2},"end":{"line":16,"column":77}},"type":"if","locations":[{"start":{"line":16,"column":2},"end":{"line":16,"column":77}},{"start":{},"end":{}}],"line":16},"1":{"loc":{"start":{"line":36,"column":9},"end":{"line":36,"column":31}},"type":"binary-expr","locations":[{"start":{"line":36,"column":9},"end":{"line":36,"column":21}},{"start":{"line":36,"column":25},"end":{"line":36,"column":31}}],"line":36},"2":{"loc":{"start":{"line":69,"column":2},"end":{"line":71,"column":3}},"type":"if","locations":[{"start":{"line":69,"column":2},"end":{"line":71,"column":3}},{"start":{},"end":{}}],"line":69},"3":{"loc":{"start":{"line":69,"column":6},"end":{"line":69,"column":39}},"type":"binary-expr","locations":[{"start":{"line":69,"column":6},"end":{"line":69,"column":13}},{"start":{"line":69,"column":17},"end":{"line":69,"column":24}},{"start":{"line":69,"column":28},"end":{"line":69,"column":39}}],"line":69},"4":{"loc":{"start":{"line":76,"column":4},"end":{"line":76,"column":91}},"type":"if","locations":[{"start":{"line":76,"column":4},"end":{"line":76,"column":91}},{"start":{},"end":{}}],"line":76},"5":{"loc":{"start":{"line":82,"column":4},"end":{"line":84,"column":5}},"type":"if","locations":[{"start":{"line":82,"column":4},"end":{"line":84,"column":5}},{"start":{},"end":{}}],"line":82},"6":{"loc":{"start":{"line":82,"column":8},"end":{"line":82,"column":57}},"type":"binary-expr","locations":[{"start":{"line":82,"column":8},"end":{"line":82,"column":17}},{"start":{"line":82,"column":21},"end":{"line":82,"column":57}}],"line":82},"7":{"loc":{"start":{"line":105,"column":13},"end":{"line":105,"column":34}},"type":"binary-expr","locations":[{"start":{"line":105,"column":13},"end":{"line":105,"column":24}},{"start":{"line":105,"column":28},"end":{"line":105,"column":34}}],"line":105},"8":{"loc":{"start":{"line":123,"column":2},"end":{"line":125,"column":3}},"type":"if","locations":[{"start":{"line":123,"column":2},"end":{"line":125,"column":3}},{"start":{},"end":{}}],"line":123},"9":{"loc":{"start":{"line":123,"column":6},"end":{"line":123,"column":28}},"type":"binary-expr","locations":[{"start":{"line":123,"column":6},"end":{"line":123,"column":13}},{"start":{"line":123,"column":17},"end":{"line":123,"column":28}}],"line":123},"10":{"loc":{"start":{"line":133,"column":4},"end":{"line":135,"column":5}},"type":"if","locations":[{"start":{"line":133,"column":4},"end":{"line":135,"column":5}},{"start":{},"end":{}}],"line":133},"11":{"loc":{"start":{"line":141,"column":4},"end":{"line":143,"column":5}},"type":"if","locations":[{"start":{"line":141,"column":4},"end":{"line":143,"column":5}},{"start":{},"end":{}}],"line":141},"12":{"loc":{"start":{"line":152,"column":13},"end":{"line":152,"column":34}},"type":"binary-expr","locations":[{"start":{"line":152,"column":13},"end":{"line":152,"column":24}},{"start":{"line":152,"column":28},"end":{"line":152,"column":34}}],"line":152},"13":{"loc":{"start":{"line":165,"column":13},"end":{"line":165,"column":34}},"type":"binary-expr","locations":[{"start":{"line":165,"column":13},"end":{"line":165,"column":24}},{"start":{"line":165,"column":28},"end":{"line":165,"column":34}}],"line":165},"14":{"loc":{"start":{"line":199,"column":2},"end":{"line":201,"column":3}},"type":"if","locations":[{"start":{"line":199,"column":2},"end":{"line":201,"column":3}},{"start":{},"end":{}}],"line":199},"15":{"loc":{"start":{"line":199,"column":6},"end":{"line":199,"column":51}},"type":"binary-expr","locations":[{"start":{"line":199,"column":6},"end":{"line":199,"column":13}},{"start":{"line":199,"column":17},"end":{"line":199,"column":27}},{"start":{"line":199,"column":31},"end":{"line":199,"column":51}}],"line":199},"16":{"loc":{"start":{"line":215,"column":6},"end":{"line":215,"column":24}},"type":"binary-expr","locations":[{"start":{"line":215,"column":6},"end":{"line":215,"column":19}},{"start":{"line":215,"column":23},"end":{"line":215,"column":24}}],"line":215},"17":{"loc":{"start":{"line":218,"column":6},"end":{"line":218,"column":26}},"type":"binary-expr","locations":[{"start":{"line":218,"column":6},"end":{"line":218,"column":21}},{"start":{"line":218,"column":25},"end":{"line":218,"column":26}}],"line":218},"18":{"loc":{"start":{"line":219,"column":6},"end":{"line":219,"column":30}},"type":"binary-expr","locations":[{"start":{"line":219,"column":6},"end":{"line":219,"column":22}},{"start":{"line":219,"column":26},"end":{"line":219,"column":30}}],"line":219},"19":{"loc":{"start":{"line":220,"column":6},"end":{"line":220,"column":25}},"type":"binary-expr","locations":[{"start":{"line":220,"column":6},"end":{"line":220,"column":17}},{"start":{"line":220,"column":21},"end":{"line":220,"column":25}}],"line":220},"20":{"loc":{"start":{"line":292,"column":2},"end":{"line":292,"column":88}},"type":"if","locations":[{"start":{"line":292,"column":2},"end":{"line":292,"column":88}},{"start":{},"end":{}}],"line":292},"21":{"loc":{"start":{"line":297,"column":4},"end":{"line":297,"column":103}},"type":"if","locations":[{"start":{"line":297,"column":4},"end":{"line":297,"column":103}},{"start":{},"end":{}}],"line":297},"22":{"loc":{"start":{"line":307,"column":4},"end":{"line":321,"column":5}},"type":"if","locations":[{"start":{"line":307,"column":4},"end":{"line":321,"column":5}},{"start":{"line":314,"column":11},"end":{"line":321,"column":5}}],"line":307},"23":{"loc":{"start":{"line":330,"column":2},"end":{"line":332,"column":3}},"type":"if","locations":[{"start":{"line":330,"column":2},"end":{"line":332,"column":3}},{"start":{},"end":{}}],"line":330},"24":{"loc":{"start":{"line":343,"column":4},"end":{"line":345,"column":5}},"type":"if","locations":[{"start":{"line":343,"column":4},"end":{"line":345,"column":5}},{"start":{},"end":{}}],"line":343}},"s":{"0":3,"1":3,"2":3,"3":0,"4":0,"5":0,"6":0,"7":0,"8":0,"9":0,"10":0,"11":0,"12":0,"13":3,"14":0,"15":0,"16":3,"17":2,"18":2,"19":1,"20":1,"21":1,"22":1,"23":1,"24":3,"25":4,"26":4,"27":1,"28":3,"29":3,"30":3,"31":1,"32":2,"33":2,"34":2,"35":1,"36":2,"37":2,"38":2,"39":2,"40":2,"41":0,"42":0,"43":3,"44":4,"45":4,"46":1,"47":3,"48":3,"49":3,"50":1,"51":2,"52":2,"53":2,"54":1,"55":1,"56":1,"57":1,"58":0,"59":0,"60":3,"61":0,"62":0,"63":0,"64":0,"65":0,"66":3,"67":0,"68":0,"69":0,"70":0,"71":0,"72":0,"73":0,"74":0,"75":0,"76":0,"77":3,"78":2,"79":2,"80":2,"81":1,"82":1,"83":1,"84":3,"85":1,"86":1,"87":1,"88":1,"89":1,"90":0,"91":3,"92":0,"93":0,"94":0,"95":0,"96":0,"97":3,"98":0,"99":0,"100":0,"101":0,"102":0,"103":0,"104":0,"105":0,"106":0,"107":0,"108":0,"109":0,"110":0,"111":0,"112":0,"113":0,"114":0,"115":0,"116":0,"117":3,"118":0,"119":0,"120":0,"121":0,"122":0,"123":0,"124":0,"125":0},"f":{"0":0,"1":0,"2":2,"3":1,"4":4,"5":4,"6":0,"7":0,"8":2,"9":1,"10":0,"11":0,"12":0,"13":0},"b":{"0":[0,0],"1":[0,0],"2":[1,3],"3":[4,3,3],"4":[1,2],"5":[1,1],"6":[2,1],"7":[2,0],"8":[1,3],"9":[4,4],"10":[1,2],"11":[1,1],"12":[1,0],"13":[1,0],"14":[0,0],"15":[0,0,0],"16":[0,0],"17":[0,0],"18":[0,0],"19":[0,0],"20":[0,0],"21":[0,0],"22":[0,0],"23":[0,0],"24":[0,0]},"inputSourceMap":null,"_coverageSchema":"1a1c01bbd47fc00a2c39e90264f33305004495a9","hash":"570ca3bd71e672b8fd751638e3de56687c9b0592"}
,"C:\\Users\\mjose\\OneDrive\\Documents\\GitHub\\GeoRules\\db.js": {"path":"C:\\Users\\mjose\\OneDrive\\Documents\\GitHub\\GeoRules\\db.js","statementMap":{"0":{"start":{"line":2,"column":17},"end":{"line":2,"column":20}},"1":{"start":{"line":5,"column":13},"end":{"line":11,"column":2}}},"fnMap":{},"branchMap":{},"s":{"0":3,"1":3},"f":{},"b":{},"inputSourceMap":null,"_coverageSchema":"1a1c01bbd47fc00a2c39e90264f33305004495a9","hash":"483bc6a0bcb006f4baa088db0170e36a6d217148"}
}
