TN:
SF:app.js
FN:14,authMiddleware
FN:30,(anonymous_1)
FN:42,(anonymous_2)
FN:46,(anonymous_3)
FN:66,(anonymous_4)
FN:120,(anonymous_5)
FN:175,(anonymous_6)
FN:186,(anonymous_7)
FN:233,(anonymous_8)
FN:252,(anonymous_9)
FN:271,(anonymous_10)
FN:290,(anonymous_11)
FN:329,adminMiddleware
FN:337,(anonymous_13)
FNF:14
FNH:6
FNDA:0,authMiddleware
FNDA:0,(anonymous_1)
FNDA:2,(anonymous_2)
FNDA:1,(anonymous_3)
FNDA:4,(anonymous_4)
FNDA:4,(anonymous_5)
FNDA:0,(anonymous_6)
FNDA:0,(anonymous_7)
FNDA:2,(anonymous_8)
FNDA:1,(anonymous_9)
FNDA:0,(anonymous_10)
FNDA:0,(anonymous_11)
FNDA:0,adminMiddleware
FNDA:0,(anonymous_13)
DA:7,3
DA:9,3
DA:10,3
DA:15,0
DA:16,0
DA:18,0
DA:19,0
DA:20,0
DA:21,0
DA:22,0
DA:24,0
DA:25,0
DA:30,3
DA:31,0
DA:32,0
DA:42,3
DA:43,2
DA:44,2
DA:46,1
DA:58,1
DA:60,1
DA:61,1
DA:66,3
DA:67,4
DA:69,4
DA:70,1
DA:73,3
DA:75,3
DA:76,3
DA:78,2
DA:81,2
DA:82,2
DA:83,1
DA:86,2
DA:91,2
DA:98,2
DA:100,2
DA:111,2
DA:113,0
DA:114,0
DA:120,3
DA:121,4
DA:123,4
DA:124,1
DA:127,3
DA:128,3
DA:133,3
DA:134,1
DA:137,2
DA:139,2
DA:141,2
DA:142,1
DA:145,1
DA:147,1
DA:158,1
DA:169,0
DA:170,0
DA:175,3
DA:176,0
DA:177,0
DA:178,0
DA:180,0
DA:181,0
DA:186,3
DA:197,0
DA:199,0
DA:200,0
DA:203,0
DA:204,0
DA:211,0
DA:223,0
DA:224,0
DA:226,0
DA:227,0
DA:233,3
DA:234,2
DA:235,2
DA:236,2
DA:244,1
DA:245,1
DA:247,1
DA:252,3
DA:253,1
DA:254,1
DA:255,1
DA:263,1
DA:264,1
DA:266,0
DA:271,3
DA:272,0
DA:273,0
DA:282,0
DA:284,0
DA:285,0
DA:290,3
DA:291,0
DA:292,0
DA:294,0
DA:296,0
DA:297,0
DA:299,0
DA:302,0
DA:307,0
DA:309,0
DA:313,0
DA:316,0
DA:320,0
DA:323,0
DA:324,0
DA:330,0
DA:331,0
DA:333,0
DA:337,3
DA:338,0
DA:340,0
DA:341,0
DA:343,0
DA:344,0
DA:347,0
DA:349,0
DA:350,0
LF:121
LH:60
BRDA:16,0,0,0
BRDA:16,0,1,0
BRDA:36,1,0,0
BRDA:36,1,1,0
BRDA:69,2,0,1
BRDA:69,2,1,3
BRDA:69,3,0,4
BRDA:69,3,1,3
BRDA:69,3,2,3
BRDA:76,4,0,1
BRDA:76,4,1,2
BRDA:82,5,0,1
BRDA:82,5,1,1
BRDA:82,6,0,2
BRDA:82,6,1,1
BRDA:105,7,0,2
BRDA:105,7,1,0
BRDA:123,8,0,1
BRDA:123,8,1,3
BRDA:123,9,0,4
BRDA:123,9,1,4
BRDA:133,10,0,1
BRDA:133,10,1,2
BRDA:141,11,0,1
BRDA:141,11,1,1
BRDA:152,12,0,1
BRDA:152,12,1,0
BRDA:165,13,0,1
BRDA:165,13,1,0
BRDA:199,14,0,0
BRDA:199,14,1,0
BRDA:199,15,0,0
BRDA:199,15,1,0
BRDA:199,15,2,0
BRDA:215,16,0,0
BRDA:215,16,1,0
BRDA:218,17,0,0
BRDA:218,17,1,0
BRDA:219,18,0,0
BRDA:219,18,1,0
BRDA:220,19,0,0
BRDA:220,19,1,0
BRDA:292,20,0,0
BRDA:292,20,1,0
BRDA:297,21,0,0
BRDA:297,21,1,0
BRDA:307,22,0,0
BRDA:307,22,1,0
BRDA:330,23,0,0
BRDA:330,23,1,0
BRDA:343,24,0,0
BRDA:343,24,1,0
BRF:52
BRH:22
end_of_record
TN:
SF:db.js
FNF:0
FNH:0
DA:2,3
DA:5,3
LF:2
LH:2
BRF:0
BRH:0
end_of_record
