TN:
SF:app.js
FN:14,authMiddleware
FN:30,(anonymous_1)
FN:42,(anonymous_2)
FN:46,(anonymous_3)
FN:66,(anonymous_4)
FN:120,(anonymous_5)
FN:175,(anonymous_6)
FN:186,(anonymous_7)
FN:233,(anonymous_8)
FN:252,(anonymous_9)
FN:271,(anonymous_10)
FN:290,(anonymous_11)
FN:329,adminMiddleware
FN:337,(anonymous_13)
FNF:14
FNH:6
FNDA:0,authMiddleware
FNDA:0,(anonymous_1)
FNDA:2,(anonymous_2)
FNDA:1,(anonymous_3)
FNDA:4,(anonymous_4)
FNDA:4,(anonymous_5)
FNDA:0,(anonymous_6)
FNDA:0,(anonymous_7)
FNDA:2,(anonymous_8)
FNDA:1,(anonymous_9)
FNDA:0,(anonymous_10)
FNDA:0,(anonymous_11)
FNDA:0,adminMiddleware
FNDA:0,(anonymous_13)
DA:7,3
DA:9,3
DA:10,3
DA:15,0
DA:16,0
DA:18,0
DA:19,0
DA:20,0
DA:21,0
DA:22,0
DA:24,0
DA:25,0
DA:30,3
DA:31,0
DA:32,0
DA:42,3
DA:43,2
DA:44,2
DA:46,1
DA:58,1
DA:60,1
DA:61,1
DA:66,3
DA:67,4
DA:69,4
DA:70,1
DA:73,3
DA:75,3
DA:76,3
DA:78,2
DA:81,2
DA:82,2
DA:83,1
DA:86,2
DA:91,2
DA:98,2
DA:100,2
DA:111,2
DA:113,0
DA:114,0
DA:120,3
DA:121,4
DA:123,4
DA:124,1
DA:127,3
DA:128,3
DA:133,3
DA:134,1
DA:137,2
DA:139,2
DA:141,2
DA:142,1
DA:145,1
DA:147,1
DA:158,1
DA:169,0
DA:170,0
DA:175,3
DA:176,0
DA:177,0
DA:178,0
DA:180,0
DA:181,0
DA:186,3
DA:197,0
DA:199,0
DA:200,0
DA:203,0
DA:204,0
DA:211,0
DA:223,0
DA:224,0
DA:226,0
DA:227,0
DA:233,3
DA:234,2
DA:235,2
DA:236,2
DA:244,1
DA:245,1
DA:247,1
DA:252,3
DA:253,1
DA:254,1
DA:255,1
DA:263,1
DA:264,1
DA:266,0
DA:271,3
DA:272,0
DA:273,0
DA:282,0
DA:284,0
DA:285,0
DA:290,3
DA:291,0
DA:292,0
DA:294,0
DA:296,0
DA:297,0
DA:299,0
DA:302,0
DA:307,0
DA:309,0
DA:313,0
DA:316,0
DA:320,0
DA:323,0
DA:324,0
DA:330,0
DA:331,0
DA:333,0
DA:337,3
DA:338,0
DA:340,0
DA:341,0
DA:343,0
DA:344,0
DA:347,0
DA:349,0
DA:350,0
LF:121
LH:60
BRDA:16,0,0,0
BRDA:16,0,1,0
BRDA:36,1,0,0
BRDA:36,1,1,0
BRDA:69,2,0,1
BRDA:69,2,1,3
BRDA:69,3,0,4
BRDA:69,3,1,3
BRDA:69,3,2,3
BRDA:76,4,0,1
BRDA:76,4,1,2
BRDA:82,5,0,1
BRDA:82,5,1,1
BRDA:82,6,0,2
BRDA:82,6,1,1
BRDA:105,7,0,2
BRDA:105,7,1,0
BRDA:123,8,0,1
BRDA:123,8,1,3
BRDA:123,9,0,4
BRDA:123,9,1,4
BRDA:133,10,0,1
BRDA:133,10,1,2
BRDA:141,11,0,1
BRDA:141,11,1,1
BRDA:152,12,0,1
BRDA:152,12,1,0
BRDA:165,13,0,1
BRDA:165,13,1,0
BRDA:199,14,0,0
BRDA:199,14,1,0
BRDA:199,15,0,0
BRDA:199,15,1,0
BRDA:199,15,2,0
BRDA:215,16,0,0
BRDA:215,16,1,0
BRDA:218,17,0,0
BRDA:218,17,1,0
BRDA:219,18,0,0
BRDA:219,18,1,0
BRDA:220,19,0,0
BRDA:220,19,1,0
BRDA:292,20,0,0
BRDA:292,20,1,0
BRDA:297,21,0,0
BRDA:297,21,1,0
BRDA:307,22,0,0
BRDA:307,22,1,0
BRDA:330,23,0,0
BRDA:330,23,1,0
BRDA:343,24,0,0
BRDA:343,24,1,0
BRF:52
BRH:22
end_of_record
TN:
SF:auth.js
FN:5,verificarToken
FN:10,(anonymous_1)
FN:17,soloAdmin
FNF:3
FNH:3
FNDA:3,verificarToken
FNDA:2,(anonymous_1)
FNDA:3,soloAdmin
DA:3,1
DA:6,3
DA:7,3
DA:8,3
DA:10,2
DA:11,2
DA:12,1
DA:13,1
DA:18,3
DA:19,2
DA:21,1
LF:11
LH:11
BRDA:7,0,0,3
BRDA:7,0,1,2
BRDA:8,1,0,1
BRDA:8,1,1,2
BRDA:11,2,0,1
BRDA:11,2,1,1
BRDA:18,3,0,2
BRDA:18,3,1,1
BRDA:18,4,0,3
BRDA:18,4,1,2
BRF:10
BRH:10
end_of_record
TN:
SF:db.js
FNF:0
FNH:0
DA:2,3
DA:5,3
LF:2
LH:2
BRF:0
BRH:0
end_of_record
TN:
SF:server.js
FN:8,(anonymous_0)
FN:12,(anonymous_1)
FN:16,(anonymous_2)
FNF:3
FNH:0
FNDA:0,(anonymous_0)
FNDA:0,(anonymous_1)
FNDA:0,(anonymous_2)
DA:4,0
DA:7,0
DA:9,0
DA:10,0
DA:13,0
DA:16,0
DA:17,0
LF:7
LH:0
BRF:0
BRH:0
end_of_record
TN:
SF:public\map.js
FN:31,initApp
FN:55,loadAndCacheLocations
FN:56,(anonymous_2)
FN:63,(anonymous_3)
FN:77,updateMarkersForPosition
FN:86,(anonymous_5)
FN:89,(anonymous_6)
FN:123,updateUserLocation
FN:142,getAddress
FN:155,getLatLon
FN:166,(anonymous_10)
FN:169,(anonymous_11)
FN:176,(anonymous_12)
FN:187,getDistanceFromLatLonInKm
FN:197,deg2rad
FN:200,closePanel
FN:204,handler
FN:212,goBack
FN:215,loadFavorites
FN:224,toggleFavorite
FN:241,isFavorite
FN:242,(anonymous_21)
FN:245,updateFavButton
FN:255,updateFavoritesUI
FN:273,showFavorite
FN:283,(anonymous_25)
FN:287,(anonymous_26)
FN:292,(anonymous_27)
FN:297,(anonymous_28)
FNF:29
FNH:0
FNDA:0,initApp
FNDA:0,loadAndCacheLocations
FNDA:0,(anonymous_2)
FNDA:0,(anonymous_3)
FNDA:0,updateMarkersForPosition
FNDA:0,(anonymous_5)
FNDA:0,(anonymous_6)
FNDA:0,updateUserLocation
FNDA:0,getAddress
FNDA:0,getLatLon
FNDA:0,(anonymous_10)
FNDA:0,(anonymous_11)
FNDA:0,(anonymous_12)
FNDA:0,getDistanceFromLatLonInKm
FNDA:0,deg2rad
FNDA:0,closePanel
FNDA:0,handler
FNDA:0,goBack
FNDA:0,loadFavorites
FNDA:0,toggleFavorite
FNDA:0,isFavorite
FNDA:0,(anonymous_21)
FNDA:0,updateFavButton
FNDA:0,updateFavoritesUI
FNDA:0,showFavorite
FNDA:0,(anonymous_25)
FNDA:0,(anonymous_26)
FNDA:0,(anonymous_27)
FNDA:0,(anonymous_28)
DA:2,0
DA:3,0
DA:4,0
DA:5,0
DA:6,0
DA:7,0
DA:8,0
DA:9,0
DA:11,0
DA:12,0
DA:15,0
DA:23,0
DA:32,0
DA:33,0
DA:35,0
DA:43,0
DA:47,0
DA:48,0
DA:50,0
DA:51,0
DA:56,0
DA:58,0
DA:59,0
DA:60,0
DA:61,0
DA:63,0
DA:64,0
DA:65,0
DA:66,0
DA:67,0
DA:71,0
DA:78,0
DA:79,0
DA:80,0
DA:82,0
DA:83,0
DA:84,0
DA:85,0
DA:86,0
DA:87,0
DA:88,0
DA:89,0
DA:90,0
DA:91,0
DA:92,0
DA:93,0
DA:94,0
DA:95,0
DA:96,0
DA:97,0
DA:98,0
DA:99,0
DA:100,0
DA:101,0
DA:102,0
DA:106,0
DA:107,0
DA:108,0
DA:110,0
DA:112,0
DA:115,0
DA:117,0
DA:124,0
DA:125,0
DA:126,0
DA:128,0
DA:130,0
DA:131,0
DA:134,0
DA:135,0
DA:138,0
DA:143,0
DA:144,0
DA:145,0
DA:146,0
DA:148,0
DA:149,0
DA:151,0
DA:156,0
DA:157,0
DA:158,0
DA:159,0
DA:160,0
DA:164,0
DA:165,0
DA:167,0
DA:168,0
DA:169,0
DA:170,0
DA:171,0
DA:172,0
DA:174,0
DA:177,0
DA:178,0
DA:183,0
DA:188,0
DA:189,0
DA:190,0
DA:191,0
DA:194,0
DA:195,0
DA:197,0
DA:201,0
DA:202,0
DA:203,0
DA:204,0
DA:205,0
DA:206,0
DA:207,0
DA:212,0
DA:216,0
DA:217,0
DA:220,0
DA:221,0
DA:225,0
DA:226,0
DA:234,0
DA:235,0
DA:236,0
DA:237,0
DA:238,0
DA:242,0
DA:246,0
DA:247,0
DA:248,0
DA:249,0
DA:251,0
DA:256,0
DA:257,0
DA:258,0
DA:259,0
DA:260,0
DA:262,0
DA:263,0
DA:264,0
DA:265,0
DA:269,0
DA:274,0
DA:275,0
DA:276,0
DA:277,0
DA:278,0
DA:279,0
DA:283,0
DA:284,0
DA:285,0
DA:287,0
DA:288,0
DA:291,0
DA:292,0
DA:293,0
DA:294,0
DA:297,0
DA:298,0
DA:299,0
DA:300,0
DA:302,0
LF:157
LH:0
BRDA:32,0,0,0
BRDA:32,0,1,0
BRDA:60,1,0,0
BRDA:60,1,1,0
BRDA:64,2,0,0
BRDA:64,2,1,0
BRDA:78,3,0,0
BRDA:78,3,1,0
BRDA:83,4,0,0
BRDA:83,4,1,0
BRDA:85,5,0,0
BRDA:85,5,1,0
BRDA:86,6,0,0
BRDA:86,6,1,0
BRDA:95,7,0,0
BRDA:95,7,1,0
BRDA:96,8,0,0
BRDA:96,8,1,0
BRDA:124,9,0,0
BRDA:124,9,1,0
BRDA:125,10,0,0
BRDA:125,10,1,0
BRDA:128,11,0,0
BRDA:128,11,1,0
BRDA:131,12,0,0
BRDA:131,12,1,0
BRDA:134,13,0,0
BRDA:134,13,1,0
BRDA:134,14,0,0
BRDA:134,14,1,0
BRDA:144,15,0,0
BRDA:144,15,1,0
BRDA:146,16,0,0
BRDA:146,16,1,0
BRDA:148,17,0,0
BRDA:148,17,1,0
BRDA:157,18,0,0
BRDA:157,18,1,0
BRDA:159,19,0,0
BRDA:159,19,1,0
BRDA:164,20,0,0
BRDA:164,20,1,0
BRDA:220,21,0,0
BRDA:220,21,1,0
BRDA:247,22,0,0
BRDA:247,22,1,0
BRDA:248,23,0,0
BRDA:248,23,1,0
BRDA:258,24,0,0
BRDA:258,24,1,0
BRDA:288,25,0,0
BRDA:288,25,1,0
BRDA:299,26,0,0
BRDA:299,26,1,0
BRF:54
BRH:0
end_of_record
